mode: set
github.com/lab-d8/lol-at-pitt/draft/draft.go:29.43,33.56 4 1
github.com/lab-d8/lol-at-pitt/draft/draft.go:37.2,37.33 1 1
github.com/lab-d8/lol-at-pitt/draft/draft.go:42.2,50.14 4 1
github.com/lab-d8/lol-at-pitt/draft/draft.go:33.56,35.3 1 1
github.com/lab-d8/lol-at-pitt/draft/draft.go:37.33,40.3 2 1
github.com/lab-d8/lol-at-pitt/draft/draft.go:53.36,58.2 4 0
github.com/lab-d8/lol-at-pitt/draft/draft.go:60.25,62.2 1 0
github.com/lab-d8/lol-at-pitt/draft/draft.go:64.26,66.2 1 0
github.com/lab-d8/lol-at-pitt/draft/draft.go:69.51,72.91 2 1
github.com/lab-d8/lol-at-pitt/draft/draft.go:76.2,78.13 3 1
github.com/lab-d8/lol-at-pitt/draft/draft.go:72.91,74.3 1 1
github.com/lab-d8/lol-at-pitt/draft/draft.go:82.39,84.2 1 0
github.com/lab-d8/lol-at-pitt/draft/draft.go:86.28,91.2 4 0
github.com/lab-d8/lol-at-pitt/draft/draft.go:93.30,95.2 1 0
github.com/lab-d8/lol-at-pitt/draft/draft_dao.go:12.39,15.14 2 1
github.com/lab-d8/lol-at-pitt/draft/draft_dao.go:15.14,17.3 1 1
github.com/lab-d8/lol-at-pitt/draft/draft_dao.go:17.3,19.3 1 1
github.com/lab-d8/lol-at-pitt/draft/draft_dao.go:22.46,26.2 3 1
github.com/lab-d8/lol-at-pitt/draft/draft_dao.go:28.34,32.2 3 1
github.com/lab-d8/lol-at-pitt/draft/draft_dao.go:34.29,36.2 1 1
